INFO: GUI Initialising... in application.controller.MainController initialize
WARNING: settings.json (The system cannot find the file specified) in application.controller.MainController initialize
INFO: GUI Initialising... in application.controller.MainController initialize
WARNING: settings.json (The system cannot find the file specified) in application.controller.MainController initialize
WARNING: This rulestring is invalid! in application.controller.dialogs.rule.RuleDialog confirmRule
INFO: GUI Initialising... in application.controller.MainController initialize 
WARNING: settings.json (The system cannot find the file specified) in application.controller.MainController initialize 
INFO: GUI Initialising... in application.controller.MainController initialize 
WARNING: settings.json (The system cannot find the file specified) in application.controller.MainController initialize 
INFO: GUI Initialising... in application.controller.MainController initialize 
WARNING: null in application.controller.MainController updateCells 
WARNING: null in application.controller.MainController updateCells 
WARNING: null in application.controller.MainController updateCells 
WARNING: null in application.controller.MainController updateCells 
WARNING: null in application.controller.MainController updateCells 
WARNING: null in application.controller.MainController updateCells 
WARNING: null in application.controller.MainController updateCells 
INFO: GUI Initialising... in application.controller.MainController initialize 
INFO: GUI Initialising... in application.controller.MainController initialize 
INFO: GUI Initialising... in application.controller.MainController initialize 
INFO: GUI Initialising... in application.controller.MainController initialize 
INFO: GUI Initialising... in application.controller.MainController initialize 
INFO: GUI Initialising... in application.controller.MainController initialize 
INFO: GUI Initialising... in application.controller.MainController initialize 
INFO: GUI Initialising... in application.controller.MainController initialize 
INFO: GUI Initialising... in application.controller.MainController initialize 
INFO: GUI Initialising... in application.controller.MainController initialize 
INFO: GUI Initialising... in application.controller.MainController initialize 
INFO: GUI Initialising... in application.controller.MainController initialize 
INFO: GUI Initialising... in application.controller.MainController initialize 
WARNING: null in application.controller.MainController updateCells 
WARNING: null in application.controller.MainController updateCells 
WARNING: null in application.controller.MainController updateCells 
WARNING: null in application.controller.MainController updateCells 
WARNING: null in application.controller.MainController updateCells 
WARNING: null in application.controller.MainController updateCells 
WARNING: null in application.controller.MainController updateCells 
WARNING: null in application.controller.MainController updateCells 
WARNING: null in application.controller.MainController updateCells 
WARNING: null in application.controller.MainController updateCells 
WARNING: null in application.controller.MainController updateCells 
WARNING: null in application.controller.MainController updateCells 
WARNING: null in application.controller.MainController updateCells 
WARNING: null in application.controller.MainController updateCells 
WARNING: null in application.controller.MainController updateCells 
INFO: GUI Initialising... in application.controller.MainController initialize 
INFO: GUI Initialising... in application.controller.MainController initialize 
INFO: GUI Initialising... in application.controller.MainController initialize 
INFO: GUI Initialising... in application.controller.MainController initialize 
INFO: GUI Initialising... in application.controller.MainController initialize 
INFO: GUI Initialising... in application.controller.MainController initialize 
INFO: GUI Initialising... in application.controller.MainController initialize 
INFO: GUI Initialising... in application.controller.MainController initialize 
INFO: GUI Initialising... in application.controller.MainController initialize 
INFO: GUI Initialising... in application.controller.MainController initialize 
INFO: GUI Initialising... in application.controller.MainController initialize 
INFO: GUI Initialising... in application.controller.MainController initialize 
INFO: GUI Initialising... in application.controller.MainController initialize 
INFO: GUI Initialising... in application.controller.MainController initialize 
INFO: GUI Initialising... in application.controller.MainController initialize 
INFO: GUI Initialising... in application.controller.MainController initialize 
INFO: GUI Initialising... in application.controller.MainController initialize 
INFO: GUI Initialising... in application.controller.MainController initialize 
INFO: GUI Initialising... in application.controller.MainController initialize 
INFO: GUI Initialising... in application.controller.MainController initialize 
INFO: GUI Initialising... in application.controller.MainController initialize 
INFO: GUI Initialising... in application.controller.MainController initialize 
INFO: GUI Initialising... in application.controller.MainController initialize 
INFO: GUI Initialising... in application.controller.MainController initialize 
